<?xml version="1.0" encoding="UTF-8"?>
<!-- Generated by org.testng.reporters.JUnitReportReporter -->
<testsuite hostname="DESKTOP-G34M644" failures="0" tests="1" name="TestCases.Login_DDT_003" time="0.000" errors="0" timestamp="2025-07-23T21:41:09 IST" skipped="1">
  <testcase classname="TestCases.Login_DDT_003" name="verfiy_Login_DDT" time="0.000">
    <skipped/>
  </testcase> <!-- verfiy_Login_DDT -->
  <system-out/>
</testsuite> <!-- TestCases.Login_DDT_003 -->
