<?xml version="1.0" encoding="UTF-8"?>
<!-- Generated by org.testng.reporters.JUnitReportReporter -->
<testsuite hostname="DESKTOP-G34M644" failures="0" tests="14" name="TestCases.Login_DDT_003" time="106.326" errors="0" timestamp="2025-07-12T23:49:44 IST" skipped="0">
  <testcase classname="TestCases.Login_DDT_003" name="verfiy_Login_DDT" time="6.973"/>
  <system-out/>
  <testcase classname="TestCases.Login_DDT_003" name="verfiy_Login_DDT" time="6.613"/>
  <system-out/>
  <testcase classname="TestCases.Login_DDT_003" name="verfiy_Login_DDT" time="6.126"/>
  <system-out/>
  <testcase classname="TestCases.Login_DDT_003" name="verfiy_Login_DDT" time="7.992"/>
  <system-out/>
  <testcase classname="TestCases.Login_DDT_003" name="verfiy_Login_DDT" time="7.101"/>
  <system-out/>
  <testcase classname="TestCases.Login_DDT_003" name="verfiy_Login_DDT" time="7.658"/>
  <system-out/>
  <testcase classname="TestCases.Login_DDT_003" name="verfiy_Login_DDT" time="7.159"/>
  <system-out/>
  <testcase classname="TestCases.Login_DDT_003" name="verfiy_Login_DDT" time="6.759"/>
  <system-out/>
  <testcase classname="TestCases.Login_DDT_003" name="verfiy_Login_DDT" time="6.971"/>
  <system-out/>
  <testcase classname="TestCases.Login_DDT_003" name="verfiy_Login_DDT" time="16.515"/>
  <system-out/>
  <testcase classname="TestCases.Login_DDT_003" name="verfiy_Login_DDT" time="6.018"/>
  <system-out/>
  <testcase classname="TestCases.Login_DDT_003" name="verfiy_Login_DDT" time="7.809"/>
  <system-out/>
  <testcase classname="TestCases.Login_DDT_003" name="verfiy_Login_DDT" time="6.677"/>
  <system-out/>
  <testcase classname="TestCases.Login_DDT_003" name="verfiy_Login_DDT" time="5.955"/>
  <system-out/>
</testsuite> <!-- TestCases.Login_DDT_003 -->
