<?xml version="1.0" encoding="UTF-8"?>
<!-- Generated by org.testng.reporters.JUnitReportReporter -->
<testsuite hostname="DESKTOP-G34M644" failures="0" tests="2" name="TestCases.TestCase_001" time="46.368" errors="0" timestamp="2025-07-23T22:00:07 IST" skipped="0">
  <testcase classname="TestCases.TestCase_001" name="verify_accountRegistration" time="35.089"/>
  <system-out/>
  <testcase classname="TestCases.TestCase_001" name="verify_accountRegistration" time="11.279"/>
  <system-out/>
</testsuite> <!-- TestCases.TestCase_001 -->
