<?xml version="1.0" encoding="UTF-8"?>
<!-- Generated by org.testng.reporters.JUnitReportReporter -->
<testsuite hostname="DESKTOP-G34M644" failures="0" tests="1" name="TestCases.LoginTestCase__002" time="23.820" errors="0" timestamp="2025-07-23T22:10:14 IST" skipped="0">
  <testcase classname="TestCases.LoginTestCase__002" name="LoginAccount" time="23.820"/>
</testsuite> <!-- TestCases.LoginTestCase__002 -->
