<?xml version="1.0" encoding="UTF-8"?>
<!-- Generated by org.testng.reporters.JUnitReportReporter -->
<testsuite hostname="DESKTOP-G34M644" failures="0" tests="1" name="TestCases.SearchProduct_004" time="50.919" errors="0" timestamp="2025-07-23T21:56:11 IST" skipped="0">
  <testcase classname="TestCases.SearchProduct_004" name="OrderOneProduct" time="50.919"/>
</testsuite> <!-- TestCases.SearchProduct_004 -->
