<?xml version="1.0" encoding="UTF-8"?>
<!-- Generated by org.testng.reporters.JUnitReportReporter -->
<testsuite hostname="DESKTOP-G34M644" failures="0" tests="1" name="TestCases.LoginTestCase__002" time="9.294" errors="0" timestamp="2025-07-13T02:57:03 IST" skipped="0">
  <testcase classname="TestCases.LoginTestCase__002" name="LoginAccount" time="9.294"/>
</testsuite> <!-- TestCases.LoginTestCase__002 -->
