<?xml version="1.0" encoding="UTF-8"?>
<!-- Generated by org.testng.reporters.JUnitReportReporter -->
<testsuite hostname="DESKTOP-G34M644" failures="0" tests="1" name="TestCases.TestCase_001" time="36.567" errors="0" timestamp="2025-07-23T21:56:11 IST" skipped="0">
  <testcase classname="TestCases.TestCase_001" name="verify_accountRegistration" time="36.567"/>
</testsuite> <!-- TestCases.TestCase_001 -->
