<?xml version="1.0" encoding="UTF-8"?>
<!-- Generated by org.testng.reporters.JUnitReportReporter -->
<testsuite hostname="DESKTOP-G34M644" failures="0" tests="1" name="TestCases.SearchProduct_004" time="17.829" errors="0" timestamp="2025-07-13T02:57:03 IST" skipped="0">
  <testcase classname="TestCases.SearchProduct_004" name="OrderOneProduct" time="17.829"/>
</testsuite> <!-- TestCases.SearchProduct_004 -->
